<?xml version="1.0" encoding="UTF-8"?>
<!-- Generated by org.testng.reporters.JUnitReportReporter -->
<testsuite hostname="LAPTOP-AE49641U" failures="0" tests="6" name="com.opencart.tests.AccountsPageTest" time="1.706" errors="0" timestamp="2024-08-02T21:28:08 IST" skipped="0">
  <testcase classname="com.opencart.tests.AccountsPageTest" name="accPageTitleTest" time="0.024"/>
  <testcase classname="com.opencart.tests.AccountsPageTest" name="isMyAccountLinkExist" time="0.092"/>
  <testcase classname="com.opencart.tests.AccountsPageTest" name="accPageURLTest" time="0.045"/>
  <testcase classname="com.opencart.tests.AccountsPageTest" name="searchTest" time="0.810"/>
  <testcase classname="com.opencart.tests.AccountsPageTest" name="isLogoutLinkExistTest" time="0.469"/>
  <testcase classname="com.opencart.tests.AccountsPageTest" name="accPageHeadersTest" time="0.266"/>
</testsuite> <!-- com.opencart.tests.AccountsPageTest -->
