<?xml version="1.0" encoding="UTF-8"?>
<!-- Generated by org.testng.reporters.JUnitReportReporter -->
<testsuite hostname="LAPTOP-AE49641U" failures="0" tests="4" name="com.opencart.tests.RegistrationPageTest" time="13.901" errors="0" timestamp="2024-08-02T21:28:08 IST" skipped="0">
  <testcase classname="com.opencart.tests.RegistrationPageTest" name="userRegTest" time="3.214"/>
  <testcase classname="com.opencart.tests.RegistrationPageTest" name="userRegTest" time="3.358"/>
  <testcase classname="com.opencart.tests.RegistrationPageTest" name="userRegTest" time="3.891"/>
  <testcase classname="com.opencart.tests.RegistrationPageTest" name="userRegTest" time="3.438"/>
</testsuite> <!-- com.opencart.tests.RegistrationPageTest -->
