<?xml version="1.0" encoding="UTF-8"?>
<!-- Generated by org.testng.reporters.JUnitReportReporter -->
<testsuite hostname="LAPTOP-AE49641U" failures="0" tests="6" name="com.opencart.tests.AccountsPageTest" time="1.311" errors="0" timestamp="2024-08-02T23:33:44 IST" skipped="0">
  <testcase classname="com.opencart.tests.AccountsPageTest" name="isLogoutLinkExistTest" time="0.618"/>
  <testcase classname="com.opencart.tests.AccountsPageTest" name="isMyAccountLinkExist" time="0.037"/>
  <testcase classname="com.opencart.tests.AccountsPageTest" name="searchTest" time="0.504"/>
  <testcase classname="com.opencart.tests.AccountsPageTest" name="accPageHeadersTest" time="0.114"/>
  <testcase classname="com.opencart.tests.AccountsPageTest" name="accPageTitleTest" time="0.019"/>
  <testcase classname="com.opencart.tests.AccountsPageTest" name="accPageURLTest" time="0.019"/>
</testsuite> <!-- com.opencart.tests.AccountsPageTest -->
