<?xml version="1.0" encoding="UTF-8"?>
<!-- Generated by org.testng.reporters.JUnitReportReporter -->
<testsuite hostname="LAPTOP-AE49641U" failures="0" tests="3" name="com.opencart.tests.SearchResultsPageTest" time="2.894" errors="0" timestamp="2024-07-18T00:50:25 IST" skipped="0">
  <testcase classname="com.opencart.tests.SearchResultsPageTest" name="getProductCount" time="0.810"/>
  <testcase classname="com.opencart.tests.SearchResultsPageTest" name="getProductCount" time="1.281"/>
  <testcase classname="com.opencart.tests.SearchResultsPageTest" name="getProductCount" time="0.803"/>
</testsuite> <!-- com.opencart.tests.SearchResultsPageTest -->
