<?xml version="1.0" encoding="UTF-8"?>
<!-- Generated by org.testng.reporters.JUnitReportReporter -->
<testsuite hostname="LAPTOP-AE49641U" failures="0" tests="4" name="com.opencart.tests.RegistrationPageTest" time="9.076" errors="0" timestamp="2024-07-23T03:12:55 IST" skipped="0">
  <testcase classname="com.opencart.tests.RegistrationPageTest" name="userRegTest" time="2.326"/>
  <testcase classname="com.opencart.tests.RegistrationPageTest" name="userRegTest" time="2.409"/>
  <testcase classname="com.opencart.tests.RegistrationPageTest" name="userRegTest" time="2.135"/>
  <testcase classname="com.opencart.tests.RegistrationPageTest" name="userRegTest" time="2.206"/>
</testsuite> <!-- com.opencart.tests.RegistrationPageTest -->
