<?xml version="1.0" encoding="UTF-8"?>
<!-- Generated by org.testng.reporters.JUnitReportReporter -->
<testsuite hostname="LAPTOP-AE49641U" failures="0" tests="3" name="com.opencart.tests.SearchResultsPageTest" time="2.549" errors="0" timestamp="2024-07-24T23:42:13 IST" skipped="0">
  <testcase classname="com.opencart.tests.SearchResultsPageTest" name="getProductCount" time="0.793"/>
  <testcase classname="com.opencart.tests.SearchResultsPageTest" name="getProductCount" time="0.805"/>
  <testcase classname="com.opencart.tests.SearchResultsPageTest" name="getProductCount" time="0.951"/>
</testsuite> <!-- com.opencart.tests.SearchResultsPageTest -->
