<?xml version="1.0" encoding="UTF-8"?>
<!-- Generated by org.testng.reporters.JUnitReportReporter -->
<testsuite hostname="LAPTOP-AE49641U" failures="0" tests="4" name="com.opencart.tests.RegistrationPageTest" time="14.317" errors="0" timestamp="2024-08-02T23:33:44 IST" skipped="0">
  <testcase classname="com.opencart.tests.RegistrationPageTest" name="userRegTest" time="4.857"/>
  <testcase classname="com.opencart.tests.RegistrationPageTest" name="userRegTest" time="3.482"/>
  <testcase classname="com.opencart.tests.RegistrationPageTest" name="userRegTest" time="3.004"/>
  <testcase classname="com.opencart.tests.RegistrationPageTest" name="userRegTest" time="2.974"/>
</testsuite> <!-- com.opencart.tests.RegistrationPageTest -->
