<?xml version="1.0" encoding="UTF-8"?>
<!-- Generated by org.testng.reporters.JUnitReportReporter -->
<testsuite hostname="LAPTOP-AE49641U" failures="0" tests="3" name="com.opencart.tests.SearchResultsPageTest" time="3.198" errors="0" timestamp="2024-08-02T21:28:08 IST" skipped="0">
  <testcase classname="com.opencart.tests.SearchResultsPageTest" name="getProductCount" time="0.891"/>
  <testcase classname="com.opencart.tests.SearchResultsPageTest" name="getProductCount" time="1.423"/>
  <testcase classname="com.opencart.tests.SearchResultsPageTest" name="getProductCount" time="0.884"/>
</testsuite> <!-- com.opencart.tests.SearchResultsPageTest -->
