<?xml version="1.0" encoding="UTF-8"?>
<!-- Generated by org.testng.reporters.JUnitReportReporter -->
<testsuite hostname="LAPTOP-AE49641U" failures="0" tests="6" name="com.opencart.tests.AccountsPageTest" time="1.416" errors="0" timestamp="2024-07-18T00:50:25 IST" skipped="0">
  <testcase classname="com.opencart.tests.AccountsPageTest" name="isLogoutLinkExistTest" time="0.632"/>
  <testcase classname="com.opencart.tests.AccountsPageTest" name="accPageTitleTest" time="0.020"/>
  <testcase classname="com.opencart.tests.AccountsPageTest" name="isMyAccountLinkExist" time="0.061"/>
  <testcase classname="com.opencart.tests.AccountsPageTest" name="accPageURLTest" time="0.017"/>
  <testcase classname="com.opencart.tests.AccountsPageTest" name="searchTest" time="0.557"/>
  <testcase classname="com.opencart.tests.AccountsPageTest" name="accPageHeadersTest" time="0.129"/>
</testsuite> <!-- com.opencart.tests.AccountsPageTest -->
