<?xml version="1.0" encoding="UTF-8"?>
<!-- Generated by org.testng.reporters.JUnitReportReporter -->
<testsuite hostname="LAPTOP-AE49641U" failures="0" tests="9" name="com.opencart.tests.LoginPageTest" time="2.507" errors="0" timestamp="2024-08-02T23:33:44 IST" skipped="0">
  <testcase classname="com.opencart.tests.LoginPageTest" name="loginPageTitleTest" time="0.567"/>
  <testcase classname="com.opencart.tests.LoginPageTest" name="loginPageURLTest" time="0.142"/>
  <testcase classname="com.opencart.tests.LoginPageTest" name="forgotPwdLinkExistTest" time="0.119"/>
  <testcase classname="com.opencart.tests.LoginPageTest" name="verifyLoginPageLogoVisibleTest" time="0.071"/>
  <testcase classname="com.opencart.tests.LoginPageTest" name="verifyThatIsCorrencyToggleExist" time="0.079"/>
  <testcase classname="com.opencart.tests.LoginPageTest" name="verifyThatIsContainerToggleExist" time="0.104"/>
  <testcase classname="com.opencart.tests.LoginPageTest" name="verifyThatIsSearchFieldDisplayed" time="0.032"/>
  <testcase classname="com.opencart.tests.LoginPageTest" name="verifyThatIsCartExist" time="0.052"/>
  <testcase classname="com.opencart.tests.LoginPageTest" name="loginTest" time="1.341"/>
</testsuite> <!-- com.opencart.tests.LoginPageTest -->
