<?xml version="1.0" encoding="UTF-8"?>
<!-- Generated by org.testng.reporters.JUnitReportReporter -->
<testsuite hostname="LAPTOP-AE49641U" failures="0" tests="4" name="com.opencart.tests.RegistrationPageTest" time="14.678" errors="0" timestamp="2024-07-24T22:59:02 IST" skipped="0">
  <testcase classname="com.opencart.tests.RegistrationPageTest" name="userRegTest" time="2.494"/>
  <testcase classname="com.opencart.tests.RegistrationPageTest" name="userRegTest" time="2.520"/>
  <testcase classname="com.opencart.tests.RegistrationPageTest" name="userRegTest" time="7.129"/>
  <testcase classname="com.opencart.tests.RegistrationPageTest" name="userRegTest" time="2.535"/>
</testsuite> <!-- com.opencart.tests.RegistrationPageTest -->
