<?xml version="1.0" encoding="UTF-8"?>
<!-- Generated by org.testng.reporters.JUnitReportReporter -->
<testsuite hostname="LAPTOP-AE49641U" failures="0" tests="9" name="com.opencart.tests.LoginPageTest" time="2.739" errors="0" timestamp="2024-08-02T21:28:08 IST" skipped="0">
  <testcase classname="com.opencart.tests.LoginPageTest" name="loginPageTitleTest" time="0.131"/>
  <testcase classname="com.opencart.tests.LoginPageTest" name="loginPageURLTest" time="0.059"/>
  <testcase classname="com.opencart.tests.LoginPageTest" name="forgotPwdLinkExistTest" time="0.099"/>
  <testcase classname="com.opencart.tests.LoginPageTest" name="verifyLoginPageLogoVisibleTest" time="0.053"/>
  <testcase classname="com.opencart.tests.LoginPageTest" name="verifyThatIsCorrencyToggleExist" time="0.053"/>
  <testcase classname="com.opencart.tests.LoginPageTest" name="verifyThatIsContainerToggleExist" time="0.049"/>
  <testcase classname="com.opencart.tests.LoginPageTest" name="verifyThatIsSearchFieldDisplayed" time="0.041"/>
  <testcase classname="com.opencart.tests.LoginPageTest" name="verifyThatIsCartExist" time="0.037"/>
  <testcase classname="com.opencart.tests.LoginPageTest" name="loginTest" time="2.217"/>
</testsuite> <!-- com.opencart.tests.LoginPageTest -->
