<?xml version="1.0" encoding="UTF-8"?>
<!-- Generated by org.testng.reporters.JUnitReportReporter -->
<testsuite hostname="LAPTOP-AE49641U" failures="0" tests="3" name="com.opencart.tests.SearchResultsPageTest" time="2.076" errors="0" timestamp="2024-07-23T03:12:55 IST" skipped="0">
  <testcase classname="com.opencart.tests.SearchResultsPageTest" name="getProductCount" time="0.693"/>
  <testcase classname="com.opencart.tests.SearchResultsPageTest" name="getProductCount" time="0.711"/>
  <testcase classname="com.opencart.tests.SearchResultsPageTest" name="getProductCount" time="0.672"/>
</testsuite> <!-- com.opencart.tests.SearchResultsPageTest -->
