<?xml version="1.0" encoding="UTF-8"?>
<!-- Generated by org.testng.reporters.JUnitReportReporter -->
<testsuite hostname="CODE-IS-LIFE" failures="0" tests="9" name="com.opencart.tests.LoginPageTest" time="2.770" errors="0" timestamp="2024-08-08T21:45:45 IST" skipped="0">
  <testcase classname="com.opencart.tests.LoginPageTest" name="loginPageTitleTest" time="0.283"/>
  <testcase classname="com.opencart.tests.LoginPageTest" name="loginPageURLTest" time="0.068"/>
  <testcase classname="com.opencart.tests.LoginPageTest" name="forgotPwdLinkExistTest" time="0.119"/>
  <testcase classname="com.opencart.tests.LoginPageTest" name="verifyLoginPageLogoVisibleTest" time="0.110"/>
  <testcase classname="com.opencart.tests.LoginPageTest" name="verifyThatIsCorrencyToggleExist" time="0.079"/>
  <testcase classname="com.opencart.tests.LoginPageTest" name="verifyThatIsContainerToggleExist" time="0.133"/>
  <testcase classname="com.opencart.tests.LoginPageTest" name="verifyThatIsSearchFieldDisplayed" time="0.123"/>
  <testcase classname="com.opencart.tests.LoginPageTest" name="verifyThatIsCartExist" time="0.058"/>
  <testcase classname="com.opencart.tests.LoginPageTest" name="loginTest" time="1.797"/>
</testsuite> <!-- com.opencart.tests.LoginPageTest -->
