<?xml version="1.0" encoding="UTF-8"?>
<!-- Generated by org.testng.reporters.JUnitReportReporter -->
<testsuite hostname="LAPTOP-AE49641U" failures="0" tests="3" name="com.opencart.tests.SearchResultsPageTest" time="3.522" errors="0" timestamp="2024-08-02T23:33:44 IST" skipped="0">
  <testcase classname="com.opencart.tests.SearchResultsPageTest" name="getProductCount" time="0.979"/>
  <testcase classname="com.opencart.tests.SearchResultsPageTest" name="getProductCount" time="1.255"/>
  <testcase classname="com.opencart.tests.SearchResultsPageTest" name="getProductCount" time="1.288"/>
</testsuite> <!-- com.opencart.tests.SearchResultsPageTest -->
