<?xml version="1.0" encoding="UTF-8"?>
<!-- Generated by org.testng.reporters.JUnitReportReporter -->
<testsuite hostname="LAPTOP-AE49641U" failures="0" tests="9" name="com.opencart.tests.LoginPageTest" time="1.468" errors="0" timestamp="2024-07-30T04:54:59 IST" skipped="0">
  <testcase classname="com.opencart.tests.LoginPageTest" name="loginPageTitleTest" time="0.134"/>
  <testcase classname="com.opencart.tests.LoginPageTest" name="loginPageURLTest" time="0.023"/>
  <testcase classname="com.opencart.tests.LoginPageTest" name="forgotPwdLinkExistTest" time="0.060"/>
  <testcase classname="com.opencart.tests.LoginPageTest" name="verifyLoginPageLogoVisibleTest" time="0.032"/>
  <testcase classname="com.opencart.tests.LoginPageTest" name="verifyThatIsCorrencyToggleExist" time="0.033"/>
  <testcase classname="com.opencart.tests.LoginPageTest" name="verifyThatIsContainerToggleExist" time="0.036"/>
  <testcase classname="com.opencart.tests.LoginPageTest" name="verifyThatIsSearchFieldDisplayed" time="0.039"/>
  <testcase classname="com.opencart.tests.LoginPageTest" name="verifyThatIsCartExist" time="0.041"/>
  <testcase classname="com.opencart.tests.LoginPageTest" name="loginTest" time="1.070"/>
</testsuite> <!-- com.opencart.tests.LoginPageTest -->
