<?xml version="1.0" encoding="UTF-8"?>
<!-- Generated by org.testng.reporters.JUnitReportReporter -->
<testsuite hostname="CODE-IS-LIFE" failures="0" tests="4" name="com.opencart.tests.RegistrationPageTest" time="19.773" errors="0" timestamp="2024-08-08T21:45:45 IST" skipped="0">
  <testcase classname="com.opencart.tests.RegistrationPageTest" name="userRegTest" time="7.359"/>
  <testcase classname="com.opencart.tests.RegistrationPageTest" name="userRegTest" time="4.595"/>
  <testcase classname="com.opencart.tests.RegistrationPageTest" name="userRegTest" time="4.070"/>
  <testcase classname="com.opencart.tests.RegistrationPageTest" name="userRegTest" time="3.749"/>
</testsuite> <!-- com.opencart.tests.RegistrationPageTest -->
