<?xml version="1.0" encoding="UTF-8"?>
<!-- Generated by org.testng.reporters.JUnitReportReporter -->
<testsuite hostname="CODE-IS-LIFE" failures="0" tests="6" name="com.opencart.tests.AccountsPageTest" time="2.914" errors="0" timestamp="2024-08-08T21:45:45 IST" skipped="0">
  <testcase classname="com.opencart.tests.AccountsPageTest" name="accPageURLTest" time="0.030"/>
  <testcase classname="com.opencart.tests.AccountsPageTest" name="searchTest" time="0.927"/>
  <testcase classname="com.opencart.tests.AccountsPageTest" name="accPageHeadersTest" time="0.206"/>
  <testcase classname="com.opencart.tests.AccountsPageTest" name="accPageTitleTest" time="0.043"/>
  <testcase classname="com.opencart.tests.AccountsPageTest" name="isLogoutLinkExistTest" time="1.598"/>
  <testcase classname="com.opencart.tests.AccountsPageTest" name="isMyAccountLinkExist" time="0.110"/>
</testsuite> <!-- com.opencart.tests.AccountsPageTest -->
