<?xml version="1.0" encoding="UTF-8"?>
<!-- Generated by org.testng.reporters.JUnitReportReporter -->
<testsuite hostname="LAPTOP-AE49641U" failures="0" tests="4" name="com.opencart.tests.RegistrationPageTest" time="13.866" errors="0" timestamp="2024-07-18T00:50:25 IST" skipped="0">
  <testcase classname="com.opencart.tests.RegistrationPageTest" name="userRegTest" time="3.664"/>
  <testcase classname="com.opencart.tests.RegistrationPageTest" name="userRegTest" time="2.781"/>
  <testcase classname="com.opencart.tests.RegistrationPageTest" name="userRegTest" time="3.360"/>
  <testcase classname="com.opencart.tests.RegistrationPageTest" name="userRegTest" time="4.061"/>
</testsuite> <!-- com.opencart.tests.RegistrationPageTest -->
