<?xml version="1.0" encoding="UTF-8"?>
<!-- Generated by org.testng.reporters.JUnitReportReporter -->
<testsuite hostname="LAPTOP-AE49641U" failures="0" tests="6" name="com.opencart.tests.AccountsPageTest" time="0.936" errors="0" timestamp="2024-07-23T03:12:55 IST" skipped="0">
  <testcase classname="com.opencart.tests.AccountsPageTest" name="isMyAccountLinkExist" time="0.036"/>
  <testcase classname="com.opencart.tests.AccountsPageTest" name="searchTest" time="0.444"/>
  <testcase classname="com.opencart.tests.AccountsPageTest" name="accPageTitleTest" time="0.021"/>
  <testcase classname="com.opencart.tests.AccountsPageTest" name="accPageHeadersTest" time="0.134"/>
  <testcase classname="com.opencart.tests.AccountsPageTest" name="accPageURLTest" time="0.011"/>
  <testcase classname="com.opencart.tests.AccountsPageTest" name="isLogoutLinkExistTest" time="0.290"/>
</testsuite> <!-- com.opencart.tests.AccountsPageTest -->
