<?xml version="1.0" encoding="UTF-8"?>
<!-- Generated by org.testng.reporters.JUnitReportReporter -->
<testsuite hostname="CODE-IS-LIFE" failures="0" tests="3" name="com.opencart.tests.SearchResultsPageTest" time="4.448" errors="0" timestamp="2024-08-08T21:45:45 IST" skipped="0">
  <testcase classname="com.opencart.tests.SearchResultsPageTest" name="getProductCount" time="1.548"/>
  <testcase classname="com.opencart.tests.SearchResultsPageTest" name="getProductCount" time="1.472"/>
  <testcase classname="com.opencart.tests.SearchResultsPageTest" name="getProductCount" time="1.428"/>
</testsuite> <!-- com.opencart.tests.SearchResultsPageTest -->
