<?xml version="1.0" encoding="UTF-8"?>
<!-- Generated by org.testng.reporters.JUnitReportReporter -->
<testsuite hostname="LAPTOP-AE49641U" failures="0" tests="6" name="com.opencart.tests.AccountsPageTest" time="1.276" errors="0" timestamp="2024-07-21T22:05:03 IST" skipped="0">
  <testcase classname="com.opencart.tests.AccountsPageTest" name="isMyAccountLinkExist" time="0.117"/>
  <testcase classname="com.opencart.tests.AccountsPageTest" name="searchTest" time="0.695"/>
  <testcase classname="com.opencart.tests.AccountsPageTest" name="accPageHeadersTest" time="0.154"/>
  <testcase classname="com.opencart.tests.AccountsPageTest" name="accPageTitleTest" time="0.039"/>
  <testcase classname="com.opencart.tests.AccountsPageTest" name="accPageURLTest" time="0.060"/>
  <testcase classname="com.opencart.tests.AccountsPageTest" name="isLogoutLinkExistTest" time="0.211"/>
</testsuite> <!-- com.opencart.tests.AccountsPageTest -->
