<?xml version="1.0" encoding="UTF-8"?>
<!-- Generated by org.testng.reporters.JUnitReportReporter -->
<testsuite hostname="LAPTOP-AE49641U" failures="0" tests="3" name="com.opencart.tests.SearchResultsPageTest" time="3.448" errors="0" timestamp="2024-07-19T12:26:33 IST" skipped="0">
  <testcase classname="com.opencart.tests.SearchResultsPageTest" name="getProductCount" time="0.912"/>
  <testcase classname="com.opencart.tests.SearchResultsPageTest" name="getProductCount" time="1.251"/>
  <testcase classname="com.opencart.tests.SearchResultsPageTest" name="getProductCount" time="1.285"/>
</testsuite> <!-- com.opencart.tests.SearchResultsPageTest -->
