<?xml version="1.0" encoding="UTF-8"?>
<!-- Generated by org.testng.reporters.JUnitReportReporter -->
<testsuite hostname="LAPTOP-AE49641U" failures="0" tests="4" name="com.opencart.tests.RegistrationPageTest" time="11.641" errors="0" timestamp="2024-07-21T22:05:03 IST" skipped="0">
  <testcase classname="com.opencart.tests.RegistrationPageTest" name="userRegTest" time="4.063"/>
  <testcase classname="com.opencart.tests.RegistrationPageTest" name="userRegTest" time="2.686"/>
  <testcase classname="com.opencart.tests.RegistrationPageTest" name="userRegTest" time="2.532"/>
  <testcase classname="com.opencart.tests.RegistrationPageTest" name="userRegTest" time="2.360"/>
</testsuite> <!-- com.opencart.tests.RegistrationPageTest -->
