<?xml version="1.0" encoding="UTF-8"?>
<!-- Generated by org.testng.reporters.JUnitReportReporter -->
<testsuite hostname="LAPTOP-AE49641U" failures="0" tests="6" name="com.opencart.tests.AccountsPageTest" time="1.547" errors="0" timestamp="2024-07-20T19:49:58 IST" skipped="0">
  <testcase classname="com.opencart.tests.AccountsPageTest" name="isMyAccountLinkExist" time="0.111"/>
  <testcase classname="com.opencart.tests.AccountsPageTest" name="isLogoutLinkExistTest" time="0.107"/>
  <testcase classname="com.opencart.tests.AccountsPageTest" name="searchTest" time="0.899"/>
  <testcase classname="com.opencart.tests.AccountsPageTest" name="accPageHeadersTest" time="0.238"/>
  <testcase classname="com.opencart.tests.AccountsPageTest" name="accPageTitleTest" time="0.155"/>
  <testcase classname="com.opencart.tests.AccountsPageTest" name="accPageURLTest" time="0.037"/>
</testsuite> <!-- com.opencart.tests.AccountsPageTest -->
