<?xml version="1.0" encoding="UTF-8"?>
<!-- Generated by org.testng.reporters.JUnitReportReporter -->
<testsuite hostname="LAPTOP-AE49641U" failures="0" tests="3" name="com.opencart.tests.SearchResultsPageTest" time="3.738" errors="0" timestamp="2024-07-24T15:28:42 IST" skipped="0">
  <testcase classname="com.opencart.tests.SearchResultsPageTest" name="getProductCount" time="1.481"/>
  <testcase classname="com.opencart.tests.SearchResultsPageTest" name="getProductCount" time="1.149"/>
  <testcase classname="com.opencart.tests.SearchResultsPageTest" name="getProductCount" time="1.108"/>
</testsuite> <!-- com.opencart.tests.SearchResultsPageTest -->
