<?xml version="1.0" encoding="UTF-8"?>
<!-- Generated by org.testng.reporters.JUnitReportReporter -->
<testsuite hostname="LAPTOP-AE49641U" failures="0" tests="4" name="com.opencart.tests.RegistrationPageTest" time="12.097" errors="0" timestamp="2024-07-19T23:21:10 IST" skipped="0">
  <testcase classname="com.opencart.tests.RegistrationPageTest" name="userRegTest" time="2.607"/>
  <testcase classname="com.opencart.tests.RegistrationPageTest" name="userRegTest" time="4.532"/>
  <testcase classname="com.opencart.tests.RegistrationPageTest" name="userRegTest" time="2.539"/>
  <testcase classname="com.opencart.tests.RegistrationPageTest" name="userRegTest" time="2.419"/>
</testsuite> <!-- com.opencart.tests.RegistrationPageTest -->
