<?xml version="1.0" encoding="UTF-8"?>
<!-- Generated by org.testng.reporters.JUnitReportReporter -->
<testsuite hostname="LAPTOP-AE49641U" failures="0" tests="4" name="com.opencart.tests.LoginPageTest" time="3.189" errors="0" timestamp="2024-07-19T12:26:33 IST" skipped="0">
  <testcase classname="com.opencart.tests.LoginPageTest" name="loginPageTitleTest" time="1.637"/>
  <testcase classname="com.opencart.tests.LoginPageTest" name="loginPageURLTest" time="0.041"/>
  <testcase classname="com.opencart.tests.LoginPageTest" name="forgotPwdLinkExistTest" time="0.051"/>
  <testcase classname="com.opencart.tests.LoginPageTest" name="loginTest" time="1.460"/>
</testsuite> <!-- com.opencart.tests.LoginPageTest -->
