<?xml version="1.0" encoding="UTF-8"?>
<!-- Generated by org.testng.reporters.JUnitReportReporter -->
<testsuite hostname="LAPTOP-AE49641U" failures="0" tests="9" name="com.opencart.tests.ProductPageInfoTest" time="11.008" errors="0" timestamp="2024-07-19T23:21:10 IST" skipped="0">
  <testcase classname="com.opencart.tests.ProductPageInfoTest" name="productHeaderTest" time="1.146"/>
  <testcase classname="com.opencart.tests.ProductPageInfoTest" name="productImagesCountTest" time="1.059"/>
  <testcase classname="com.opencart.tests.ProductPageInfoTest" name="productImagesCountTest" time="0.974"/>
  <testcase classname="com.opencart.tests.ProductPageInfoTest" name="productImagesCountTest" time="0.994"/>
  <testcase classname="com.opencart.tests.ProductPageInfoTest" name="productHeaderTest" time="2.121"/>
  <testcase classname="com.opencart.tests.ProductPageInfoTest" name="productHeaderTest" time="1.394"/>
  <testcase classname="com.opencart.tests.ProductPageInfoTest" name="productHeaderTest" time="1.253"/>
  <testcase classname="com.opencart.tests.ProductPageInfoTest" name="productImagesCountTest" time="0.966"/>
  <testcase classname="com.opencart.tests.ProductPageInfoTest" name="productInfoTest" time="1.101"/>
</testsuite> <!-- com.opencart.tests.ProductPageInfoTest -->
