<?xml version="1.0" encoding="UTF-8"?>
<!-- Generated by org.testng.reporters.JUnitReportReporter -->
<testsuite hostname="LAPTOP-AE49641U" failures="0" tests="6" name="com.opencart.tests.AccountsPageTest" time="1.904" errors="0" timestamp="2024-07-19T23:21:10 IST" skipped="0">
  <testcase classname="com.opencart.tests.AccountsPageTest" name="accPageURLTest" time="0.034"/>
  <testcase classname="com.opencart.tests.AccountsPageTest" name="accPageHeadersTest" time="0.201"/>
  <testcase classname="com.opencart.tests.AccountsPageTest" name="isMyAccountLinkExist" time="0.101"/>
  <testcase classname="com.opencart.tests.AccountsPageTest" name="isLogoutLinkExistTest" time="0.188"/>
  <testcase classname="com.opencart.tests.AccountsPageTest" name="searchTest" time="1.344"/>
  <testcase classname="com.opencart.tests.AccountsPageTest" name="accPageTitleTest" time="0.036"/>
</testsuite> <!-- com.opencart.tests.AccountsPageTest -->
