<?xml version="1.0" encoding="UTF-8"?>
<!-- Generated by org.testng.reporters.JUnitReportReporter -->
<testsuite hostname="LAPTOP-AE49641U" failures="0" tests="6" name="com.opencart.tests.AccountsPageTest" time="2.264" errors="0" timestamp="2024-07-24T15:28:42 IST" skipped="0">
  <testcase classname="com.opencart.tests.AccountsPageTest" name="accPageHeadersTest" time="0.247"/>
  <testcase classname="com.opencart.tests.AccountsPageTest" name="accPageURLTest" time="0.104"/>
  <testcase classname="com.opencart.tests.AccountsPageTest" name="searchTest" time="1.170"/>
  <testcase classname="com.opencart.tests.AccountsPageTest" name="isMyAccountLinkExist" time="0.256"/>
  <testcase classname="com.opencart.tests.AccountsPageTest" name="accPageTitleTest" time="0.122"/>
  <testcase classname="com.opencart.tests.AccountsPageTest" name="isLogoutLinkExistTest" time="0.365"/>
</testsuite> <!-- com.opencart.tests.AccountsPageTest -->
