<?xml version="1.0" encoding="UTF-8"?>
<!-- Generated by org.testng.reporters.JUnitReportReporter -->
<testsuite hostname="LAPTOP-AE49641U" failures="0" tests="4" name="com.opencart.tests.RegistrationPageTest" time="12.661" errors="0" timestamp="2024-07-20T19:49:58 IST" skipped="0">
  <testcase classname="com.opencart.tests.RegistrationPageTest" name="userRegTest" time="2.520"/>
  <testcase classname="com.opencart.tests.RegistrationPageTest" name="userRegTest" time="2.939"/>
  <testcase classname="com.opencart.tests.RegistrationPageTest" name="userRegTest" time="2.632"/>
  <testcase classname="com.opencart.tests.RegistrationPageTest" name="userRegTest" time="4.570"/>
</testsuite> <!-- com.opencart.tests.RegistrationPageTest -->
