<?xml version="1.0" encoding="UTF-8"?>
<!-- Generated by org.testng.reporters.JUnitReportReporter -->
<testsuite hostname="LAPTOP-AE49641U" failures="0" tests="9" name="com.opencart.tests.ProductPageInfoTest" time="11.863" errors="0" timestamp="2024-07-20T19:49:58 IST" skipped="0">
  <testcase classname="com.opencart.tests.ProductPageInfoTest" name="productHeaderTest" time="1.349"/>
  <testcase classname="com.opencart.tests.ProductPageInfoTest" name="productImagesCountTest" time="1.018"/>
  <testcase classname="com.opencart.tests.ProductPageInfoTest" name="productHeaderTest" time="1.158"/>
  <testcase classname="com.opencart.tests.ProductPageInfoTest" name="productHeaderTest" time="2.520"/>
  <testcase classname="com.opencart.tests.ProductPageInfoTest" name="productImagesCountTest" time="1.014"/>
  <testcase classname="com.opencart.tests.ProductPageInfoTest" name="productInfoTest" time="1.169"/>
  <testcase classname="com.opencart.tests.ProductPageInfoTest" name="productImagesCountTest" time="0.935"/>
  <testcase classname="com.opencart.tests.ProductPageInfoTest" name="productImagesCountTest" time="1.025"/>
  <testcase classname="com.opencart.tests.ProductPageInfoTest" name="productHeaderTest" time="1.675"/>
</testsuite> <!-- com.opencart.tests.ProductPageInfoTest -->
