<?xml version="1.0" encoding="UTF-8"?>
<!-- Generated by org.testng.reporters.JUnitReportReporter -->
<testsuite hostname="LAPTOP-AE49641U" failures="0" tests="3" name="com.opencart.tests.SearchResultsPageTest" time="3.300" errors="0" timestamp="2024-07-20T19:49:58 IST" skipped="0">
  <testcase classname="com.opencart.tests.SearchResultsPageTest" name="getProductCount" time="0.894"/>
  <testcase classname="com.opencart.tests.SearchResultsPageTest" name="getProductCount" time="1.114"/>
  <testcase classname="com.opencart.tests.SearchResultsPageTest" name="getProductCount" time="1.292"/>
</testsuite> <!-- com.opencart.tests.SearchResultsPageTest -->
