<?xml version="1.0" encoding="UTF-8"?>
<!-- Generated by org.testng.reporters.JUnitReportReporter -->
<testsuite hostname="LAPTOP-AE49641U" failures="0" tests="3" name="com.opencart.tests.SearchResultsPageTest" time="2.769" errors="0" timestamp="2024-07-21T22:05:03 IST" skipped="0">
  <testcase classname="com.opencart.tests.SearchResultsPageTest" name="getProductCount" time="0.795"/>
  <testcase classname="com.opencart.tests.SearchResultsPageTest" name="getProductCount" time="1.080"/>
  <testcase classname="com.opencart.tests.SearchResultsPageTest" name="getProductCount" time="0.894"/>
</testsuite> <!-- com.opencart.tests.SearchResultsPageTest -->
