<?xml version="1.0" encoding="UTF-8"?>
<!-- Generated by org.testng.reporters.JUnitReportReporter -->
<testsuite hostname="LAPTOP-AE49641U" failures="0" tests="4" name="com.opencart.tests.RegistrationPageTest" time="16.144" errors="0" timestamp="2024-07-19T12:26:33 IST" skipped="0">
  <testcase classname="com.opencart.tests.RegistrationPageTest" name="userRegTest" time="2.941"/>
  <testcase classname="com.opencart.tests.RegistrationPageTest" name="userRegTest" time="5.382"/>
  <testcase classname="com.opencart.tests.RegistrationPageTest" name="userRegTest" time="3.213"/>
  <testcase classname="com.opencart.tests.RegistrationPageTest" name="userRegTest" time="4.608"/>
</testsuite> <!-- com.opencart.tests.RegistrationPageTest -->
