<?xml version="1.0" encoding="UTF-8"?>
<!-- Generated by org.testng.reporters.JUnitReportReporter -->
<testsuite hostname="LAPTOP-AE49641U" failures="0" tests="6" name="com.opencart.tests.AccountsPageTest" time="1.240" errors="0" timestamp="2024-07-19T12:26:33 IST" skipped="0">
  <testcase classname="com.opencart.tests.AccountsPageTest" name="accPageHeadersTest" time="0.157"/>
  <testcase classname="com.opencart.tests.AccountsPageTest" name="searchTest" time="0.717"/>
  <testcase classname="com.opencart.tests.AccountsPageTest" name="isLogoutLinkExistTest" time="0.118"/>
  <testcase classname="com.opencart.tests.AccountsPageTest" name="isMyAccountLinkExist" time="0.162"/>
  <testcase classname="com.opencart.tests.AccountsPageTest" name="accPageTitleTest" time="0.045"/>
  <testcase classname="com.opencart.tests.AccountsPageTest" name="accPageURLTest" time="0.041"/>
</testsuite> <!-- com.opencart.tests.AccountsPageTest -->
