<?xml version="1.0" encoding="UTF-8"?>
<!-- Generated by org.testng.reporters.JUnitReportReporter -->
<testsuite hostname="LAPTOP-AE49641U" failures="0" tests="9" name="com.opencart.tests.ProductPageInfoTest" time="11.040" errors="0" timestamp="2024-07-21T22:05:03 IST" skipped="0">
  <testcase classname="com.opencart.tests.ProductPageInfoTest" name="productHeaderTest" time="1.495"/>
  <testcase classname="com.opencart.tests.ProductPageInfoTest" name="productImagesCountTest" time="0.898"/>
  <testcase classname="com.opencart.tests.ProductPageInfoTest" name="productHeaderTest" time="1.108"/>
  <testcase classname="com.opencart.tests.ProductPageInfoTest" name="productHeaderTest" time="2.225"/>
  <testcase classname="com.opencart.tests.ProductPageInfoTest" name="productImagesCountTest" time="1.002"/>
  <testcase classname="com.opencart.tests.ProductPageInfoTest" name="productImagesCountTest" time="0.956"/>
  <testcase classname="com.opencart.tests.ProductPageInfoTest" name="productInfoTest" time="1.181"/>
  <testcase classname="com.opencart.tests.ProductPageInfoTest" name="productHeaderTest" time="1.194"/>
  <testcase classname="com.opencart.tests.ProductPageInfoTest" name="productImagesCountTest" time="0.981"/>
</testsuite> <!-- com.opencart.tests.ProductPageInfoTest -->
