<?xml version="1.0" encoding="UTF-8"?>
<!-- Generated by org.testng.reporters.JUnitReportReporter -->
<testsuite hostname="LAPTOP-AE49641U" failures="0" tests="3" name="com.opencart.tests.SearchResultsPageTest" time="3.060" errors="0" timestamp="2024-07-19T23:21:10 IST" skipped="0">
  <testcase classname="com.opencart.tests.SearchResultsPageTest" name="getProductCount" time="0.951"/>
  <testcase classname="com.opencart.tests.SearchResultsPageTest" name="getProductCount" time="0.835"/>
  <testcase classname="com.opencart.tests.SearchResultsPageTest" name="getProductCount" time="1.274"/>
</testsuite> <!-- com.opencart.tests.SearchResultsPageTest -->
