<?xml version="1.0" encoding="UTF-8"?>
<!-- Generated by org.testng.reporters.JUnitReportReporter -->
<testsuite hostname="LAPTOP-AE49641U" failures="0" tests="9" name="com.opencart.tests.ProductPageInfoTest" time="16.124" errors="0" timestamp="2024-07-19T12:26:33 IST" skipped="0">
  <testcase classname="com.opencart.tests.ProductPageInfoTest" name="productImagesCountTest" time="1.056"/>
  <testcase classname="com.opencart.tests.ProductPageInfoTest" name="productImagesCountTest" time="1.196"/>
  <testcase classname="com.opencart.tests.ProductPageInfoTest" name="productHeaderTest" time="1.622"/>
  <testcase classname="com.opencart.tests.ProductPageInfoTest" name="productHeaderTest" time="1.690"/>
  <testcase classname="com.opencart.tests.ProductPageInfoTest" name="productImagesCountTest" time="1.350"/>
  <testcase classname="com.opencart.tests.ProductPageInfoTest" name="productInfoTest" time="1.370"/>
  <testcase classname="com.opencart.tests.ProductPageInfoTest" name="productImagesCountTest" time="1.437"/>
  <testcase classname="com.opencart.tests.ProductPageInfoTest" name="productHeaderTest" time="2.651"/>
  <testcase classname="com.opencart.tests.ProductPageInfoTest" name="productHeaderTest" time="3.752"/>
</testsuite> <!-- com.opencart.tests.ProductPageInfoTest -->
