<?xml version="1.0" encoding="UTF-8"?>
<!-- Generated by org.testng.reporters.JUnitReportReporter -->
<testsuite hostname="LAPTOP-AE49641U" failures="0" tests="4" name="com.opencart.tests.LoginPageTest" time="2.103" errors="0" timestamp="2024-07-21T22:05:03 IST" skipped="0">
  <testcase classname="com.opencart.tests.LoginPageTest" name="loginPageTitleTest" time="0.444"/>
  <testcase classname="com.opencart.tests.LoginPageTest" name="loginPageURLTest" time="0.088"/>
  <testcase classname="com.opencart.tests.LoginPageTest" name="forgotPwdLinkExistTest" time="0.281"/>
  <testcase classname="com.opencart.tests.LoginPageTest" name="loginTest" time="1.290"/>
</testsuite> <!-- com.opencart.tests.LoginPageTest -->
