<?xml version="1.0" encoding="UTF-8"?>
<!-- Generated by org.testng.reporters.JUnitReportReporter -->
<testsuite hostname="LAPTOP-AE49641U" failures="0" tests="4" name="com.opencart.tests.RegistrationPageTest" time="13.397" errors="0" timestamp="2024-07-24T15:28:42 IST" skipped="0">
  <testcase classname="com.opencart.tests.RegistrationPageTest" name="userRegTest" time="2.901"/>
  <testcase classname="com.opencart.tests.RegistrationPageTest" name="userRegTest" time="5.342"/>
  <testcase classname="com.opencart.tests.RegistrationPageTest" name="userRegTest" time="2.486"/>
  <testcase classname="com.opencart.tests.RegistrationPageTest" name="userRegTest" time="2.668"/>
</testsuite> <!-- com.opencart.tests.RegistrationPageTest -->
